This file contains any messages produced by compilers while
running configure, to aid debugging if configure makes a mistake.

It was created by arping configure 2.14, which was
generated by GNU Autoconf 2.69.  Invocation command line was

  $ ./configure 

## --------- ##
## Platform. ##
## --------- ##

hostname = ul001514
uname -m = x86_64
uname -r = 4.4.0-45-generic
uname -s = Linux
uname -v = #66-Ubuntu SMP Wed Oct 19 14:12:37 UTC 2016

/usr/bin/uname -p = unknown
/bin/uname -X     = unknown

/bin/arch              = unknown
/usr/bin/arch -k       = unknown
/usr/convex/getsysinfo = unknown
/usr/bin/hostinfo      = unknown
/bin/machine           = unknown
/usr/bin/oslevel       = unknown
/bin/universe          = unknown

PATH: /usr/local/sbin
PATH: /usr/local/bin
PATH: /usr/sbin
PATH: /usr/bin
PATH: /sbin
PATH: /bin
PATH: /usr/games
PATH: /usr/local/games
PATH: /snap/bin
PATH: /var/cfengine/bin


## ----------- ##
## Core tests. ##
## ----------- ##

configure:2246: checking build system type
configure:2260: result: x86_64-unknown-linux-gnu
configure:2280: checking host system type
configure:2293: result: x86_64-unknown-linux-gnu
configure:2313: checking target system type
configure:2326: result: x86_64-unknown-linux-gnu
configure:2370: checking for a BSD-compatible install
configure:2438: result: /usr/bin/install -c
configure:2449: checking whether build environment is sane
configure:2499: result: yes
configure:2640: checking for a thread-safe mkdir -p
configure:2679: result: /bin/mkdir -p
configure:2692: checking for gawk
configure:2708: found /usr/bin/gawk
configure:2719: result: gawk
configure:2730: checking whether make sets $(MAKE)
configure:2752: result: yes
configure:2833: checking whether to enable maintainer-specific portions of Makefiles
configure:2842: result: no
configure:2908: checking for gcc
configure:2924: found /usr/bin/gcc
configure:2935: result: gcc
configure:3164: checking for C compiler version
configure:3173: gcc --version >&5
gcc (Ubuntu 5.4.0-6ubuntu1~16.04.4) 5.4.0 20160609
Copyright (C) 2015 Free Software Foundation, Inc.
This is free software; see the source for copying conditions.  There is NO
warranty; not even for MERCHANTABILITY or FITNESS FOR A PARTICULAR PURPOSE.

configure:3184: $? = 0
configure:3173: gcc -v >&5
Using built-in specs.
COLLECT_GCC=gcc
COLLECT_LTO_WRAPPER=/usr/lib/gcc/x86_64-linux-gnu/5/lto-wrapper
Target: x86_64-linux-gnu
Configured with: ../src/configure -v --with-pkgversion='Ubuntu 5.4.0-6ubuntu1~16.04.4' --with-bugurl=file:///usr/share/doc/gcc-5/README.Bugs --enable-languages=c,ada,c++,java,go,d,fortran,objc,obj-c++ --prefix=/usr --program-suffix=-5 --enable-shared --enable-linker-build-id --libexecdir=/usr/lib --without-included-gettext --enable-threads=posix --libdir=/usr/lib --enable-nls --with-sysroot=/ --enable-clocale=gnu --enable-libstdcxx-debug --enable-libstdcxx-time=yes --with-default-libstdcxx-abi=new --enable-gnu-unique-object --disable-vtable-verify --enable-libmpx --enable-plugin --with-system-zlib --disable-browser-plugin --enable-java-awt=gtk --enable-gtk-cairo --with-java-home=/usr/lib/jvm/java-1.5.0-gcj-5-amd64/jre --enable-java-home --with-jvm-root-dir=/usr/lib/jvm/java-1.5.0-gcj-5-amd64 --with-jvm-jar-dir=/usr/lib/jvm-exports/java-1.5.0-gcj-5-amd64 --with-arch-directory=amd64 --with-ecj-jar=/usr/share/java/eclipse-ecj.jar --enable-objc-gc --enable-multiarch --disable-werror --with-arch-32=i686 --with-abi=m64 --with-multilib-list=m32,m64,mx32 --enable-multilib --with-tune=generic --enable-checking=release --build=x86_64-linux-gnu --host=x86_64-linux-gnu --target=x86_64-linux-gnu
Thread model: posix
gcc version 5.4.0 20160609 (Ubuntu 5.4.0-6ubuntu1~16.04.4) 
configure:3184: $? = 0
configure:3173: gcc -V >&5
gcc: error: unrecognized command line option '-V'
gcc: fatal error: no input files
compilation terminated.
configure:3184: $? = 1
configure:3173: gcc -qversion >&5
gcc: error: unrecognized command line option '-qversion'
gcc: fatal error: no input files
compilation terminated.
configure:3184: $? = 1
configure:3204: checking whether the C compiler works
configure:3226: gcc    conftest.c  >&5
configure:3230: $? = 0
configure:3278: result: yes
configure:3281: checking for C compiler default output file name
configure:3283: result: a.out
configure:3289: checking for suffix of executables
configure:3296: gcc -o conftest    conftest.c  >&5
configure:3300: $? = 0
configure:3322: result: 
configure:3344: checking whether we are cross compiling
configure:3352: gcc -o conftest    conftest.c  >&5
configure:3356: $? = 0
configure:3363: ./conftest
configure:3367: $? = 0
configure:3382: result: no
configure:3387: checking for suffix of object files
configure:3409: gcc -c   conftest.c >&5
configure:3413: $? = 0
configure:3434: result: o
configure:3438: checking whether we are using the GNU C compiler
configure:3457: gcc -c   conftest.c >&5
configure:3457: $? = 0
configure:3466: result: yes
configure:3475: checking whether gcc accepts -g
configure:3495: gcc -c -g  conftest.c >&5
configure:3495: $? = 0
configure:3536: result: yes
configure:3553: checking for gcc option to accept ISO C89
configure:3616: gcc  -c -g -O2  conftest.c >&5
configure:3616: $? = 0
configure:3629: result: none needed
configure:3660: checking for style of include used by make
configure:3688: result: GNU
configure:3714: checking dependency style of gcc
configure:3825: result: gcc3
configure:3841: checking whether make sets $(MAKE)
configure:3863: result: yes
configure:3875: checking for sqrt in -lm
configure:3900: gcc -o conftest -g -O2   conftest.c -lm   >&5
conftest.c:18:6: warning: conflicting types for built-in function 'sqrt'
 char sqrt ();
      ^
configure:3900: $? = 0
configure:3909: result: yes
configure:3920: checking for socket in -lsocket
configure:3945: gcc -o conftest -g -O2   conftest.c -lsocket  -lm  >&5
/usr/bin/ld: cannot find -lsocket
collect2: error: ld returned 1 exit status
configure:3945: $? = 1
configure: failed program was:
| /* confdefs.h */
| #define PACKAGE_NAME "arping"
| #define PACKAGE_TARNAME "arping"
| #define PACKAGE_VERSION "2.14"
| #define PACKAGE_STRING "arping 2.14"
| #define PACKAGE_BUGREPORT "thomas@habets.se"
| #define PACKAGE_URL ""
| #define PACKAGE "arping"
| #define VERSION "2.14"
| #define HAVE_LIBM 1
| /* end confdefs.h.  */
| 
| /* Override any GCC internal prototype to avoid an error.
|    Use char because int might match the return type of a GCC
|    builtin and then its argument prototype would still apply.  */
| #ifdef __cplusplus
| extern "C"
| #endif
| char socket ();
| int
| main ()
| {
| return socket ();
|   ;
|   return 0;
| }
configure:3954: result: no
configure:3965: checking for gethostbyname in -lnsl
configure:3990: gcc -o conftest -g -O2   conftest.c -lnsl  -lm  >&5
configure:3990: $? = 0
configure:3999: result: yes
configure:4010: checking for cap_init in -lcap
configure:4035: gcc -o conftest -g -O2   conftest.c -lcap  -lnsl -lm  >&5
/usr/bin/ld: cannot find -lcap
collect2: error: ld returned 1 exit status
configure:4035: $? = 1
configure: failed program was:
| /* confdefs.h */
| #define PACKAGE_NAME "arping"
| #define PACKAGE_TARNAME "arping"
| #define PACKAGE_VERSION "2.14"
| #define PACKAGE_STRING "arping 2.14"
| #define PACKAGE_BUGREPORT "thomas@habets.se"
| #define PACKAGE_URL ""
| #define PACKAGE "arping"
| #define VERSION "2.14"
| #define HAVE_LIBM 1
| #define HAVE_LIBNSL 1
| /* end confdefs.h.  */
| 
| /* Override any GCC internal prototype to avoid an error.
|    Use char because int might match the return type of a GCC
|    builtin and then its argument prototype would still apply.  */
| #ifdef __cplusplus
| extern "C"
| #endif
| char cap_init ();
| int
| main ()
| {
| return cap_init ();
|   ;
|   return 0;
| }
configure:4044: result: no
configure:4055: checking for clock_gettime in -lrt
configure:4080: gcc -o conftest -g -O2   conftest.c -lrt  -lnsl -lm  >&5
configure:4080: $? = 0
configure:4089: result: yes
configure:4100: checking for libnet_name_resolve in -lnet
configure:4125: gcc -o conftest -g -O2   conftest.c -lnet  -lrt -lnsl -lm  >&5
/tmp/cc9rORT3.o: In function `main':
/home/blazeond/Documents/Programming/dosgen/dosgen/arping/arping-2.14/conftest.c:25: undefined reference to `libnet_name_resolve'
collect2: error: ld returned 1 exit status
configure:4125: $? = 1
configure: failed program was:
| /* confdefs.h */
| #define PACKAGE_NAME "arping"
| #define PACKAGE_TARNAME "arping"
| #define PACKAGE_VERSION "2.14"
| #define PACKAGE_STRING "arping 2.14"
| #define PACKAGE_BUGREPORT "thomas@habets.se"
| #define PACKAGE_URL ""
| #define PACKAGE "arping"
| #define VERSION "2.14"
| #define HAVE_LIBM 1
| #define HAVE_LIBNSL 1
| #define HAVE_LIBRT 1
| /* end confdefs.h.  */
| 
| /* Override any GCC internal prototype to avoid an error.
|    Use char because int might match the return type of a GCC
|    builtin and then its argument prototype would still apply.  */
| #ifdef __cplusplus
| extern "C"
| #endif
| char libnet_name_resolve ();
| int
| main ()
| {
| return libnet_name_resolve ();
|   ;
|   return 0;
| }
configure:4134: result: no
configure:4140: checking for libnet_init in -lnet
configure:4165: gcc -o conftest -g -O2   conftest.c -lnet  -lrt -lnsl -lm  >&5
configure:4165: $? = 0
configure:4174: result: yes
configure:4187: checking for pcap_open_live in -lpcap
configure:4212: gcc -o conftest -g -O2   conftest.c -lpcap  -lnet -lrt -lnsl -lm  >&5
configure:4212: $? = 0
configure:4221: result: yes
configure:4234: checking for library containing clock_gettime
configure:4265: gcc -o conftest -g -O2   conftest.c -lpcap -lnet -lrt -lnsl -lm  >&5
configure:4265: $? = 0
configure:4282: result: none required
configure:4297: checking how to run the C preprocessor
configure:4328: gcc -E  conftest.c
configure:4328: $? = 0
configure:4342: gcc -E  conftest.c
conftest.c:16:28: fatal error: ac_nonexistent.h: No such file or directory
compilation terminated.
configure:4342: $? = 1
configure: failed program was:
| /* confdefs.h */
| #define PACKAGE_NAME "arping"
| #define PACKAGE_TARNAME "arping"
| #define PACKAGE_VERSION "2.14"
| #define PACKAGE_STRING "arping 2.14"
| #define PACKAGE_BUGREPORT "thomas@habets.se"
| #define PACKAGE_URL ""
| #define PACKAGE "arping"
| #define VERSION "2.14"
| #define HAVE_LIBM 1
| #define HAVE_LIBNSL 1
| #define HAVE_LIBRT 1
| #define HAVE_LIBNET 1
| #define HAVE_LIBPCAP 1
| /* end confdefs.h.  */
| #include <ac_nonexistent.h>
configure:4367: result: gcc -E
configure:4387: gcc -E  conftest.c
configure:4387: $? = 0
configure:4401: gcc -E  conftest.c
conftest.c:16:28: fatal error: ac_nonexistent.h: No such file or directory
compilation terminated.
configure:4401: $? = 1
configure: failed program was:
| /* confdefs.h */
| #define PACKAGE_NAME "arping"
| #define PACKAGE_TARNAME "arping"
| #define PACKAGE_VERSION "2.14"
| #define PACKAGE_STRING "arping 2.14"
| #define PACKAGE_BUGREPORT "thomas@habets.se"
| #define PACKAGE_URL ""
| #define PACKAGE "arping"
| #define VERSION "2.14"
| #define HAVE_LIBM 1
| #define HAVE_LIBNSL 1
| #define HAVE_LIBRT 1
| #define HAVE_LIBNET 1
| #define HAVE_LIBPCAP 1
| /* end confdefs.h.  */
| #include <ac_nonexistent.h>
configure:4430: checking for grep that handles long lines and -e
configure:4488: result: /bin/grep
configure:4493: checking for egrep
configure:4555: result: /bin/grep -E
configure:4560: checking for ANSI C header files
configure:4580: gcc -c -g -O2  conftest.c >&5
configure:4580: $? = 0
configure:4653: gcc -o conftest -g -O2   conftest.c -lpcap -lnet -lrt -lnsl -lm  >&5
configure:4653: $? = 0
configure:4653: ./conftest
configure:4653: $? = 0
configure:4664: result: yes
configure:4677: checking for sys/types.h
configure:4677: gcc -c -g -O2  conftest.c >&5
configure:4677: $? = 0
configure:4677: result: yes
configure:4677: checking for sys/stat.h
configure:4677: gcc -c -g -O2  conftest.c >&5
configure:4677: $? = 0
configure:4677: result: yes
configure:4677: checking for stdlib.h
configure:4677: gcc -c -g -O2  conftest.c >&5
configure:4677: $? = 0
configure:4677: result: yes
configure:4677: checking for string.h
configure:4677: gcc -c -g -O2  conftest.c >&5
configure:4677: $? = 0
configure:4677: result: yes
configure:4677: checking for memory.h
configure:4677: gcc -c -g -O2  conftest.c >&5
configure:4677: $? = 0
configure:4677: result: yes
configure:4677: checking for strings.h
configure:4677: gcc -c -g -O2  conftest.c >&5
configure:4677: $? = 0
configure:4677: result: yes
configure:4677: checking for inttypes.h
configure:4677: gcc -c -g -O2  conftest.c >&5
configure:4677: $? = 0
configure:4677: result: yes
configure:4677: checking for stdint.h
configure:4677: gcc -c -g -O2  conftest.c >&5
configure:4677: $? = 0
configure:4677: result: yes
configure:4677: checking for unistd.h
configure:4677: gcc -c -g -O2  conftest.c >&5
configure:4677: $? = 0
configure:4677: result: yes
configure:4706: checking arpa/inet.h usability
configure:4706: gcc -c -g -O2  conftest.c >&5
configure:4706: $? = 0
configure:4706: result: yes
configure:4706: checking arpa/inet.h presence
configure:4706: gcc -E  conftest.c
configure:4706: $? = 0
configure:4706: result: yes
configure:4706: checking for arpa/inet.h
configure:4706: result: yes
configure:4706: checking netinet/in.h usability
configure:4706: gcc -c -g -O2  conftest.c >&5
configure:4706: $? = 0
configure:4706: result: yes
configure:4706: checking netinet/in.h presence
configure:4706: gcc -E  conftest.c
configure:4706: $? = 0
configure:4706: result: yes
configure:4706: checking for netinet/in.h
configure:4706: result: yes
configure:4706: checking for stdlib.h
configure:4706: result: yes
configure:4706: checking sys/socket.h usability
configure:4706: gcc -c -g -O2  conftest.c >&5
configure:4706: $? = 0
configure:4706: result: yes
configure:4706: checking sys/socket.h presence
configure:4706: gcc -E  conftest.c
configure:4706: $? = 0
configure:4706: result: yes
configure:4706: checking for sys/socket.h
configure:4706: result: yes
configure:4706: checking time.h usability
configure:4706: gcc -c -g -O2  conftest.c >&5
configure:4706: $? = 0
configure:4706: result: yes
configure:4706: checking time.h presence
configure:4706: gcc -E  conftest.c
configure:4706: $? = 0
configure:4706: result: yes
configure:4706: checking for time.h
configure:4706: result: yes
configure:4706: checking sys/time.h usability
configure:4706: gcc -c -g -O2  conftest.c >&5
configure:4706: $? = 0
configure:4706: result: yes
configure:4706: checking sys/time.h presence
configure:4706: gcc -E  conftest.c
configure:4706: $? = 0
configure:4706: result: yes
configure:4706: checking for sys/time.h
configure:4706: result: yes
configure:4706: checking for sys/types.h
configure:4706: result: yes
configure:4706: checking sys/capability.h usability
configure:4706: gcc -c -g -O2  conftest.c >&5
conftest.c:66:28: fatal error: sys/capability.h: No such file or directory
compilation terminated.
configure:4706: $? = 1
configure: failed program was:
| /* confdefs.h */
| #define PACKAGE_NAME "arping"
| #define PACKAGE_TARNAME "arping"
| #define PACKAGE_VERSION "2.14"
| #define PACKAGE_STRING "arping 2.14"
| #define PACKAGE_BUGREPORT "thomas@habets.se"
| #define PACKAGE_URL ""
| #define PACKAGE "arping"
| #define VERSION "2.14"
| #define HAVE_LIBM 1
| #define HAVE_LIBNSL 1
| #define HAVE_LIBRT 1
| #define HAVE_LIBNET 1
| #define HAVE_LIBPCAP 1
| #define STDC_HEADERS 1
| #define HAVE_SYS_TYPES_H 1
| #define HAVE_SYS_STAT_H 1
| #define HAVE_STDLIB_H 1
| #define HAVE_STRING_H 1
| #define HAVE_MEMORY_H 1
| #define HAVE_STRINGS_H 1
| #define HAVE_INTTYPES_H 1
| #define HAVE_STDINT_H 1
| #define HAVE_UNISTD_H 1
| #define HAVE_ARPA_INET_H 1
| #define HAVE_NETINET_IN_H 1
| #define HAVE_STDLIB_H 1
| #define HAVE_SYS_SOCKET_H 1
| #define HAVE_TIME_H 1
| #define HAVE_SYS_TIME_H 1
| #define HAVE_SYS_TYPES_H 1
| /* end confdefs.h.  */
| #include <stdio.h>
| #ifdef HAVE_SYS_TYPES_H
| # include <sys/types.h>
| #endif
| #ifdef HAVE_SYS_STAT_H
| # include <sys/stat.h>
| #endif
| #ifdef STDC_HEADERS
| # include <stdlib.h>
| # include <stddef.h>
| #else
| # ifdef HAVE_STDLIB_H
| #  include <stdlib.h>
| # endif
| #endif
| #ifdef HAVE_STRING_H
| # if !defined STDC_HEADERS && defined HAVE_MEMORY_H
| #  include <memory.h>
| # endif
| # include <string.h>
| #endif
| #ifdef HAVE_STRINGS_H
| # include <strings.h>
| #endif
| #ifdef HAVE_INTTYPES_H
| # include <inttypes.h>
| #endif
| #ifdef HAVE_STDINT_H
| # include <stdint.h>
| #endif
| #ifdef HAVE_UNISTD_H
| # include <unistd.h>
| #endif
| #include <sys/capability.h>
configure:4706: result: no
configure:4706: checking sys/capability.h presence
configure:4706: gcc -E  conftest.c
conftest.c:33:28: fatal error: sys/capability.h: No such file or directory
compilation terminated.
configure:4706: $? = 1
configure: failed program was:
| /* confdefs.h */
| #define PACKAGE_NAME "arping"
| #define PACKAGE_TARNAME "arping"
| #define PACKAGE_VERSION "2.14"
| #define PACKAGE_STRING "arping 2.14"
| #define PACKAGE_BUGREPORT "thomas@habets.se"
| #define PACKAGE_URL ""
| #define PACKAGE "arping"
| #define VERSION "2.14"
| #define HAVE_LIBM 1
| #define HAVE_LIBNSL 1
| #define HAVE_LIBRT 1
| #define HAVE_LIBNET 1
| #define HAVE_LIBPCAP 1
| #define STDC_HEADERS 1
| #define HAVE_SYS_TYPES_H 1
| #define HAVE_SYS_STAT_H 1
| #define HAVE_STDLIB_H 1
| #define HAVE_STRING_H 1
| #define HAVE_MEMORY_H 1
| #define HAVE_STRINGS_H 1
| #define HAVE_INTTYPES_H 1
| #define HAVE_STDINT_H 1
| #define HAVE_UNISTD_H 1
| #define HAVE_ARPA_INET_H 1
| #define HAVE_NETINET_IN_H 1
| #define HAVE_STDLIB_H 1
| #define HAVE_SYS_SOCKET_H 1
| #define HAVE_TIME_H 1
| #define HAVE_SYS_TIME_H 1
| #define HAVE_SYS_TYPES_H 1
| /* end confdefs.h.  */
| #include <sys/capability.h>
configure:4706: result: no
configure:4706: checking for sys/capability.h
configure:4706: result: no
configure:4706: checking for stdint.h
configure:4706: result: yes
configure:4706: checking libnet.h usability
configure:4706: gcc -c -g -O2  conftest.c >&5
configure:4706: $? = 0
configure:4706: result: yes
configure:4706: checking libnet.h presence
configure:4706: gcc -E  conftest.c
configure:4706: $? = 0
configure:4706: result: yes
configure:4706: checking for libnet.h
configure:4706: result: yes
configure:4706: checking win32/libnet.h usability
configure:4706: gcc -c -g -O2  conftest.c >&5
conftest.c:68:26: fatal error: win32/libnet.h: No such file or directory
compilation terminated.
configure:4706: $? = 1
configure: failed program was:
| /* confdefs.h */
| #define PACKAGE_NAME "arping"
| #define PACKAGE_TARNAME "arping"
| #define PACKAGE_VERSION "2.14"
| #define PACKAGE_STRING "arping 2.14"
| #define PACKAGE_BUGREPORT "thomas@habets.se"
| #define PACKAGE_URL ""
| #define PACKAGE "arping"
| #define VERSION "2.14"
| #define HAVE_LIBM 1
| #define HAVE_LIBNSL 1
| #define HAVE_LIBRT 1
| #define HAVE_LIBNET 1
| #define HAVE_LIBPCAP 1
| #define STDC_HEADERS 1
| #define HAVE_SYS_TYPES_H 1
| #define HAVE_SYS_STAT_H 1
| #define HAVE_STDLIB_H 1
| #define HAVE_STRING_H 1
| #define HAVE_MEMORY_H 1
| #define HAVE_STRINGS_H 1
| #define HAVE_INTTYPES_H 1
| #define HAVE_STDINT_H 1
| #define HAVE_UNISTD_H 1
| #define HAVE_ARPA_INET_H 1
| #define HAVE_NETINET_IN_H 1
| #define HAVE_STDLIB_H 1
| #define HAVE_SYS_SOCKET_H 1
| #define HAVE_TIME_H 1
| #define HAVE_SYS_TIME_H 1
| #define HAVE_SYS_TYPES_H 1
| #define HAVE_STDINT_H 1
| #define HAVE_LIBNET_H 1
| /* end confdefs.h.  */
| #include <stdio.h>
| #ifdef HAVE_SYS_TYPES_H
| # include <sys/types.h>
| #endif
| #ifdef HAVE_SYS_STAT_H
| # include <sys/stat.h>
| #endif
| #ifdef STDC_HEADERS
| # include <stdlib.h>
| # include <stddef.h>
| #else
| # ifdef HAVE_STDLIB_H
| #  include <stdlib.h>
| # endif
| #endif
| #ifdef HAVE_STRING_H
| # if !defined STDC_HEADERS && defined HAVE_MEMORY_H
| #  include <memory.h>
| # endif
| # include <string.h>
| #endif
| #ifdef HAVE_STRINGS_H
| # include <strings.h>
| #endif
| #ifdef HAVE_INTTYPES_H
| # include <inttypes.h>
| #endif
| #ifdef HAVE_STDINT_H
| # include <stdint.h>
| #endif
| #ifdef HAVE_UNISTD_H
| # include <unistd.h>
| #endif
| #include <win32/libnet.h>
configure:4706: result: no
configure:4706: checking win32/libnet.h presence
configure:4706: gcc -E  conftest.c
conftest.c:35:26: fatal error: win32/libnet.h: No such file or directory
compilation terminated.
configure:4706: $? = 1
configure: failed program was:
| /* confdefs.h */
| #define PACKAGE_NAME "arping"
| #define PACKAGE_TARNAME "arping"
| #define PACKAGE_VERSION "2.14"
| #define PACKAGE_STRING "arping 2.14"
| #define PACKAGE_BUGREPORT "thomas@habets.se"
| #define PACKAGE_URL ""
| #define PACKAGE "arping"
| #define VERSION "2.14"
| #define HAVE_LIBM 1
| #define HAVE_LIBNSL 1
| #define HAVE_LIBRT 1
| #define HAVE_LIBNET 1
| #define HAVE_LIBPCAP 1
| #define STDC_HEADERS 1
| #define HAVE_SYS_TYPES_H 1
| #define HAVE_SYS_STAT_H 1
| #define HAVE_STDLIB_H 1
| #define HAVE_STRING_H 1
| #define HAVE_MEMORY_H 1
| #define HAVE_STRINGS_H 1
| #define HAVE_INTTYPES_H 1
| #define HAVE_STDINT_H 1
| #define HAVE_UNISTD_H 1
| #define HAVE_ARPA_INET_H 1
| #define HAVE_NETINET_IN_H 1
| #define HAVE_STDLIB_H 1
| #define HAVE_SYS_SOCKET_H 1
| #define HAVE_TIME_H 1
| #define HAVE_SYS_TIME_H 1
| #define HAVE_SYS_TYPES_H 1
| #define HAVE_STDINT_H 1
| #define HAVE_LIBNET_H 1
| /* end confdefs.h.  */
| #include <win32/libnet.h>
configure:4706: result: no
configure:4706: checking for win32/libnet.h
configure:4706: result: no
configure:4706: checking net/bpf.h usability
configure:4706: gcc -c -g -O2  conftest.c >&5
conftest.c:68:21: fatal error: net/bpf.h: No such file or directory
compilation terminated.
configure:4706: $? = 1
configure: failed program was:
| /* confdefs.h */
| #define PACKAGE_NAME "arping"
| #define PACKAGE_TARNAME "arping"
| #define PACKAGE_VERSION "2.14"
| #define PACKAGE_STRING "arping 2.14"
| #define PACKAGE_BUGREPORT "thomas@habets.se"
| #define PACKAGE_URL ""
| #define PACKAGE "arping"
| #define VERSION "2.14"
| #define HAVE_LIBM 1
| #define HAVE_LIBNSL 1
| #define HAVE_LIBRT 1
| #define HAVE_LIBNET 1
| #define HAVE_LIBPCAP 1
| #define STDC_HEADERS 1
| #define HAVE_SYS_TYPES_H 1
| #define HAVE_SYS_STAT_H 1
| #define HAVE_STDLIB_H 1
| #define HAVE_STRING_H 1
| #define HAVE_MEMORY_H 1
| #define HAVE_STRINGS_H 1
| #define HAVE_INTTYPES_H 1
| #define HAVE_STDINT_H 1
| #define HAVE_UNISTD_H 1
| #define HAVE_ARPA_INET_H 1
| #define HAVE_NETINET_IN_H 1
| #define HAVE_STDLIB_H 1
| #define HAVE_SYS_SOCKET_H 1
| #define HAVE_TIME_H 1
| #define HAVE_SYS_TIME_H 1
| #define HAVE_SYS_TYPES_H 1
| #define HAVE_STDINT_H 1
| #define HAVE_LIBNET_H 1
| /* end confdefs.h.  */
| #include <stdio.h>
| #ifdef HAVE_SYS_TYPES_H
| # include <sys/types.h>
| #endif
| #ifdef HAVE_SYS_STAT_H
| # include <sys/stat.h>
| #endif
| #ifdef STDC_HEADERS
| # include <stdlib.h>
| # include <stddef.h>
| #else
| # ifdef HAVE_STDLIB_H
| #  include <stdlib.h>
| # endif
| #endif
| #ifdef HAVE_STRING_H
| # if !defined STDC_HEADERS && defined HAVE_MEMORY_H
| #  include <memory.h>
| # endif
| # include <string.h>
| #endif
| #ifdef HAVE_STRINGS_H
| # include <strings.h>
| #endif
| #ifdef HAVE_INTTYPES_H
| # include <inttypes.h>
| #endif
| #ifdef HAVE_STDINT_H
| # include <stdint.h>
| #endif
| #ifdef HAVE_UNISTD_H
| # include <unistd.h>
| #endif
| #include <net/bpf.h>
configure:4706: result: no
configure:4706: checking net/bpf.h presence
configure:4706: gcc -E  conftest.c
conftest.c:35:21: fatal error: net/bpf.h: No such file or directory
compilation terminated.
configure:4706: $? = 1
configure: failed program was:
| /* confdefs.h */
| #define PACKAGE_NAME "arping"
| #define PACKAGE_TARNAME "arping"
| #define PACKAGE_VERSION "2.14"
| #define PACKAGE_STRING "arping 2.14"
| #define PACKAGE_BUGREPORT "thomas@habets.se"
| #define PACKAGE_URL ""
| #define PACKAGE "arping"
| #define VERSION "2.14"
| #define HAVE_LIBM 1
| #define HAVE_LIBNSL 1
| #define HAVE_LIBRT 1
| #define HAVE_LIBNET 1
| #define HAVE_LIBPCAP 1
| #define STDC_HEADERS 1
| #define HAVE_SYS_TYPES_H 1
| #define HAVE_SYS_STAT_H 1
| #define HAVE_STDLIB_H 1
| #define HAVE_STRING_H 1
| #define HAVE_MEMORY_H 1
| #define HAVE_STRINGS_H 1
| #define HAVE_INTTYPES_H 1
| #define HAVE_STDINT_H 1
| #define HAVE_UNISTD_H 1
| #define HAVE_ARPA_INET_H 1
| #define HAVE_NETINET_IN_H 1
| #define HAVE_STDLIB_H 1
| #define HAVE_SYS_SOCKET_H 1
| #define HAVE_TIME_H 1
| #define HAVE_SYS_TIME_H 1
| #define HAVE_SYS_TYPES_H 1
| #define HAVE_STDINT_H 1
| #define HAVE_LIBNET_H 1
| /* end confdefs.h.  */
| #include <net/bpf.h>
configure:4706: result: no
configure:4706: checking for net/bpf.h
configure:4706: result: no
configure:4706: checking pwd.h usability
configure:4706: gcc -c -g -O2  conftest.c >&5
configure:4706: $? = 0
configure:4706: result: yes
configure:4706: checking pwd.h presence
configure:4706: gcc -E  conftest.c
configure:4706: $? = 0
configure:4706: result: yes
configure:4706: checking for pwd.h
configure:4706: result: yes
configure:4706: checking for unistd.h
configure:4706: result: yes
configure:4723: checking for an ANSI C-conforming const
configure:4789: gcc -c -g -O2  conftest.c >&5
configure:4789: $? = 0
configure:4796: result: yes
configure:4804: checking whether time.h and sys/time.h may both be included
configure:4824: gcc -c -g -O2  conftest.c >&5
configure:4824: $? = 0
configure:4831: result: yes
configure:4839: checking for working volatile
configure:4858: gcc -c -g -O2  conftest.c >&5
configure:4858: $? = 0
configure:4865: result: yes
configure:4873: checking for uint8_t
configure:4873: gcc -c -g -O2  conftest.c >&5
configure:4873: $? = 0
configure:4873: result: yes
configure:4887: checking for uint16_t
configure:4887: gcc -c -g -O2  conftest.c >&5
configure:4887: $? = 0
configure:4887: result: yes
configure:4899: checking for uint32_t
configure:4899: gcc -c -g -O2  conftest.c >&5
configure:4899: $? = 0
configure:4899: result: yes
configure:4913: checking for uint64_t
configure:4913: gcc -c -g -O2  conftest.c >&5
configure:4913: $? = 0
configure:4913: result: yes
configure:4930: checking whether gcc needs -traditional
configure:4964: result: no
configure:4974: checking sys/select.h usability
configure:4974: gcc -c -g -O2  conftest.c >&5
configure:4974: $? = 0
configure:4974: result: yes
configure:4974: checking sys/select.h presence
configure:4974: gcc -E  conftest.c
configure:4974: $? = 0
configure:4974: result: yes
configure:4974: checking for sys/select.h
configure:4974: result: yes
configure:4974: checking for sys/socket.h
configure:4974: result: yes
configure:4984: checking types of arguments for select
configure:5012: gcc -c -g -O2  conftest.c >&5
configure:5012: $? = 0
configure:5023: result: int,fd_set *,struct timeval *
configure:5053: checking return type of signal handlers
configure:5071: gcc -c -g -O2  conftest.c >&5
conftest.c: In function 'main':
conftest.c:49:9: error: void value not ignored as it ought to be
 return *(signal (0, 0)) (0) == 1;
         ^
configure:5071: $? = 1
configure: failed program was:
| /* confdefs.h */
| #define PACKAGE_NAME "arping"
| #define PACKAGE_TARNAME "arping"
| #define PACKAGE_VERSION "2.14"
| #define PACKAGE_STRING "arping 2.14"
| #define PACKAGE_BUGREPORT "thomas@habets.se"
| #define PACKAGE_URL ""
| #define PACKAGE "arping"
| #define VERSION "2.14"
| #define HAVE_LIBM 1
| #define HAVE_LIBNSL 1
| #define HAVE_LIBRT 1
| #define HAVE_LIBNET 1
| #define HAVE_LIBPCAP 1
| #define STDC_HEADERS 1
| #define HAVE_SYS_TYPES_H 1
| #define HAVE_SYS_STAT_H 1
| #define HAVE_STDLIB_H 1
| #define HAVE_STRING_H 1
| #define HAVE_MEMORY_H 1
| #define HAVE_STRINGS_H 1
| #define HAVE_INTTYPES_H 1
| #define HAVE_STDINT_H 1
| #define HAVE_UNISTD_H 1
| #define HAVE_ARPA_INET_H 1
| #define HAVE_NETINET_IN_H 1
| #define HAVE_STDLIB_H 1
| #define HAVE_SYS_SOCKET_H 1
| #define HAVE_TIME_H 1
| #define HAVE_SYS_TIME_H 1
| #define HAVE_SYS_TYPES_H 1
| #define HAVE_STDINT_H 1
| #define HAVE_LIBNET_H 1
| #define HAVE_PWD_H 1
| #define HAVE_UNISTD_H 1
| #define TIME_WITH_SYS_TIME 1
| #define HAVE_SYS_SELECT_H 1
| #define HAVE_SYS_SOCKET_H 1
| #define SELECT_TYPE_ARG1 int
| #define SELECT_TYPE_ARG234 (fd_set *)
| #define SELECT_TYPE_ARG5 (struct timeval *)
| /* end confdefs.h.  */
| #include <sys/types.h>
| #include <signal.h>
| 
| int
| main ()
| {
| return *(signal (0, 0)) (0) == 1;
|   ;
|   return 0;
| }
configure:5078: result: void
configure:5090: checking for gettimeofday
configure:5090: gcc -o conftest -g -O2   conftest.c -lpcap -lnet -lrt -lnsl -lm  >&5
configure:5090: $? = 0
configure:5090: result: yes
configure:5090: checking for memset
configure:5090: gcc -o conftest -g -O2   conftest.c -lpcap -lnet -lrt -lnsl -lm  >&5
conftest.c:68:6: warning: conflicting types for built-in function 'memset'
 char memset ();
      ^
configure:5090: $? = 0
configure:5090: result: yes
configure:5090: checking for select
configure:5090: gcc -o conftest -g -O2   conftest.c -lpcap -lnet -lrt -lnsl -lm  >&5
configure:5090: $? = 0
configure:5090: result: yes
configure:5090: checking for strchr
configure:5090: gcc -o conftest -g -O2   conftest.c -lpcap -lnet -lrt -lnsl -lm  >&5
conftest.c:70:6: warning: conflicting types for built-in function 'strchr'
 char strchr ();
      ^
configure:5090: $? = 0
configure:5090: result: yes
configure:5090: checking for strdup
configure:5090: gcc -o conftest -g -O2   conftest.c -lpcap -lnet -lrt -lnsl -lm  >&5
conftest.c:71:6: warning: conflicting types for built-in function 'strdup'
 char strdup ();
      ^
configure:5090: $? = 0
configure:5090: result: yes
configure:5090: checking for strerror
configure:5090: gcc -o conftest -g -O2   conftest.c -lpcap -lnet -lrt -lnsl -lm  >&5
configure:5090: $? = 0
configure:5090: result: yes
configure:5090: checking for strstr
configure:5090: gcc -o conftest -g -O2   conftest.c -lpcap -lnet -lrt -lnsl -lm  >&5
conftest.c:73:6: warning: conflicting types for built-in function 'strstr'
 char strstr ();
      ^
configure:5090: $? = 0
configure:5090: result: yes
configure:5090: checking for getifaddrs
configure:5090: gcc -o conftest -g -O2   conftest.c -lpcap -lnet -lrt -lnsl -lm  >&5
configure:5090: $? = 0
configure:5090: result: yes
configure:5090: checking for cap_init
configure:5090: gcc -o conftest -g -O2   conftest.c -lpcap -lnet -lrt -lnsl -lm  >&5
/tmp/ccRjXjD7.o: In function `main':
/home/blazeond/Documents/Programming/dosgen/dosgen/arping/arping-2.14/conftest.c:86: undefined reference to `cap_init'
collect2: error: ld returned 1 exit status
configure:5090: $? = 1
configure: failed program was:
| /* confdefs.h */
| #define PACKAGE_NAME "arping"
| #define PACKAGE_TARNAME "arping"
| #define PACKAGE_VERSION "2.14"
| #define PACKAGE_STRING "arping 2.14"
| #define PACKAGE_BUGREPORT "thomas@habets.se"
| #define PACKAGE_URL ""
| #define PACKAGE "arping"
| #define VERSION "2.14"
| #define HAVE_LIBM 1
| #define HAVE_LIBNSL 1
| #define HAVE_LIBRT 1
| #define HAVE_LIBNET 1
| #define HAVE_LIBPCAP 1
| #define STDC_HEADERS 1
| #define HAVE_SYS_TYPES_H 1
| #define HAVE_SYS_STAT_H 1
| #define HAVE_STDLIB_H 1
| #define HAVE_STRING_H 1
| #define HAVE_MEMORY_H 1
| #define HAVE_STRINGS_H 1
| #define HAVE_INTTYPES_H 1
| #define HAVE_STDINT_H 1
| #define HAVE_UNISTD_H 1
| #define HAVE_ARPA_INET_H 1
| #define HAVE_NETINET_IN_H 1
| #define HAVE_STDLIB_H 1
| #define HAVE_SYS_SOCKET_H 1
| #define HAVE_TIME_H 1
| #define HAVE_SYS_TIME_H 1
| #define HAVE_SYS_TYPES_H 1
| #define HAVE_STDINT_H 1
| #define HAVE_LIBNET_H 1
| #define HAVE_PWD_H 1
| #define HAVE_UNISTD_H 1
| #define TIME_WITH_SYS_TIME 1
| #define HAVE_SYS_SELECT_H 1
| #define HAVE_SYS_SOCKET_H 1
| #define SELECT_TYPE_ARG1 int
| #define SELECT_TYPE_ARG234 (fd_set *)
| #define SELECT_TYPE_ARG5 (struct timeval *)
| #define RETSIGTYPE void
| #define HAVE_GETTIMEOFDAY 1
| #define HAVE_MEMSET 1
| #define HAVE_SELECT 1
| #define HAVE_STRCHR 1
| #define HAVE_STRDUP 1
| #define HAVE_STRERROR 1
| #define HAVE_STRSTR 1
| #define HAVE_GETIFADDRS 1
| /* end confdefs.h.  */
| /* Define cap_init to an innocuous variant, in case <limits.h> declares cap_init.
|    For example, HP-UX 11i <limits.h> declares gettimeofday.  */
| #define cap_init innocuous_cap_init
| 
| /* System header to define __stub macros and hopefully few prototypes,
|     which can conflict with char cap_init (); below.
|     Prefer <limits.h> to <assert.h> if __STDC__ is defined, since
|     <limits.h> exists even on freestanding compilers.  */
| 
| #ifdef __STDC__
| # include <limits.h>
| #else
| # include <assert.h>
| #endif
| 
| #undef cap_init
| 
| /* Override any GCC internal prototype to avoid an error.
|    Use char because int might match the return type of a GCC
|    builtin and then its argument prototype would still apply.  */
| #ifdef __cplusplus
| extern "C"
| #endif
| char cap_init ();
| /* The GNU C library defines this for functions which it implements
|     to always fail with ENOSYS.  Some functions are actually named
|     something starting with __ and the normal name is an alias.  */
| #if defined __stub_cap_init || defined __stub___cap_init
| choke me
| #endif
| 
| int
| main ()
| {
| return cap_init ();
|   ;
|   return 0;
| }
configure:5090: result: no
configure:5147: checking for CLOCK_MONOTONIC
configure:5170: gcc -o conftest -g -O2   conftest.c -lpcap -lnet -lrt -lnsl -lm  >&5
conftest.c: In function 'main':
conftest.c:57:1: warning: implicit declaration of function 'exit' [-Wimplicit-function-declaration]
 exit(!!clock_gettime(CLOCK_MONOTONIC, &ts));
 ^
conftest.c:57:1: warning: incompatible implicit declaration of built-in function 'exit'
conftest.c:57:1: note: include '<stdlib.h>' or provide a declaration of 'exit'
configure:5170: $? = 0
configure:5170: ./conftest
configure:5170: $? = 0
configure:5182: result: yes
configure:5342: creating ./config.status

## ---------------------- ##
## Running config.status. ##
## ---------------------- ##

This file was extended by arping config.status 2.14, which was
generated by GNU Autoconf 2.69.  Invocation command line was

  CONFIG_FILES    = 
  CONFIG_HEADERS  = 
  CONFIG_LINKS    = 
  CONFIG_COMMANDS = 
  $ ./config.status 

on ul001514

config.status:899: creating Makefile
config.status:899: creating src/Makefile
config.status:899: creating doc/Makefile
config.status:899: creating config.h
config.status:1128: executing depfiles commands

## ---------------- ##
## Cache variables. ##
## ---------------- ##

ac_cv_build=x86_64-unknown-linux-gnu
ac_cv_c_compiler_gnu=yes
ac_cv_c_const=yes
ac_cv_c_uint16_t=yes
ac_cv_c_uint32_t=yes
ac_cv_c_uint64_t=yes
ac_cv_c_uint8_t=yes
ac_cv_c_volatile=yes
ac_cv_env_CC_set=
ac_cv_env_CC_value=
ac_cv_env_CFLAGS_set=
ac_cv_env_CFLAGS_value=
ac_cv_env_CPPFLAGS_set=
ac_cv_env_CPPFLAGS_value=
ac_cv_env_CPP_set=
ac_cv_env_CPP_value=
ac_cv_env_LDFLAGS_set=
ac_cv_env_LDFLAGS_value=
ac_cv_env_LIBS_set=
ac_cv_env_LIBS_value=
ac_cv_env_build_alias_set=
ac_cv_env_build_alias_value=
ac_cv_env_host_alias_set=
ac_cv_env_host_alias_value=
ac_cv_env_target_alias_set=
ac_cv_env_target_alias_value=
ac_cv_func_cap_init=no
ac_cv_func_getifaddrs=yes
ac_cv_func_gettimeofday=yes
ac_cv_func_memset=yes
ac_cv_func_select=yes
ac_cv_func_select_args='int,fd_set *,struct timeval *'
ac_cv_func_setvbuf_reversed=no
ac_cv_func_strchr=yes
ac_cv_func_strdup=yes
ac_cv_func_strerror=yes
ac_cv_func_strstr=yes
ac_cv_have_clock_monotonic=yes
ac_cv_header_arpa_inet_h=yes
ac_cv_header_inttypes_h=yes
ac_cv_header_libnet_h=yes
ac_cv_header_memory_h=yes
ac_cv_header_net_bpf_h=no
ac_cv_header_netinet_in_h=yes
ac_cv_header_pwd_h=yes
ac_cv_header_stdc=yes
ac_cv_header_stdint_h=yes
ac_cv_header_stdlib_h=yes
ac_cv_header_string_h=yes
ac_cv_header_strings_h=yes
ac_cv_header_sys_capability_h=no
ac_cv_header_sys_select_h=yes
ac_cv_header_sys_socket_h=yes
ac_cv_header_sys_stat_h=yes
ac_cv_header_sys_time_h=yes
ac_cv_header_sys_types_h=yes
ac_cv_header_time=yes
ac_cv_header_time_h=yes
ac_cv_header_unistd_h=yes
ac_cv_header_win32_libnet_h=no
ac_cv_host=x86_64-unknown-linux-gnu
ac_cv_lib_cap_cap_init=no
ac_cv_lib_m_sqrt=yes
ac_cv_lib_net_libnet_init=yes
ac_cv_lib_net_libnet_name_resolve=no
ac_cv_lib_nsl_gethostbyname=yes
ac_cv_lib_pcap_pcap_open_live=yes
ac_cv_lib_rt_clock_gettime=yes
ac_cv_lib_socket_socket=no
ac_cv_objext=o
ac_cv_path_EGREP='/bin/grep -E'
ac_cv_path_GREP=/bin/grep
ac_cv_path_install='/usr/bin/install -c'
ac_cv_path_mkdir=/bin/mkdir
ac_cv_prog_AWK=gawk
ac_cv_prog_CPP='gcc -E'
ac_cv_prog_ac_ct_CC=gcc
ac_cv_prog_cc_c89=
ac_cv_prog_cc_g=yes
ac_cv_prog_gcc_traditional=no
ac_cv_prog_make_make_set=yes
ac_cv_search_clock_gettime='none required'
ac_cv_target=x86_64-unknown-linux-gnu
ac_cv_type_signal=void
am_cv_CC_dependencies_compiler_type=gcc3

## ----------------- ##
## Output variables. ##
## ----------------- ##

ACLOCAL='${SHELL} /home/blazeond/Documents/Programming/dosgen/dosgen/arping/arping-2.14/missing --run aclocal-1.11'
AMDEPBACKSLASH='\'
AMDEP_FALSE='#'
AMDEP_TRUE=''
AMTAR='$${TAR-tar}'
AUTOCONF='${SHELL} /home/blazeond/Documents/Programming/dosgen/dosgen/arping/arping-2.14/missing --run autoconf'
AUTOHEADER='${SHELL} /home/blazeond/Documents/Programming/dosgen/dosgen/arping/arping-2.14/missing --run autoheader'
AUTOMAKE='${SHELL} /home/blazeond/Documents/Programming/dosgen/dosgen/arping/arping-2.14/missing --run automake-1.11'
AWK='gawk'
CC='gcc'
CCDEPMODE='depmode=gcc3'
CFLAGS='-g -O2'
CPP='gcc -E'
CPPFLAGS=''
CYGPATH_W='echo'
DEFS='-DHAVE_CONFIG_H'
DEPDIR='.deps'
ECHO_C=''
ECHO_N='-n'
ECHO_T=''
EGREP='/bin/grep -E'
EXEEXT=''
GREP='/bin/grep'
HAVE_CLOCK_MONOTONIC_FALSE='#'
HAVE_CLOCK_MONOTONIC_TRUE=''
INSTALL_DATA='${INSTALL} -m 644'
INSTALL_PROGRAM='${INSTALL}'
INSTALL_SCRIPT='${INSTALL}'
INSTALL_STRIP_PROGRAM='$(install_sh) -c -s'
LDFLAGS=''
LIBOBJS=' ${LIBOBJDIR}findif_getifaddrs$U.o'
LIBS='-lpcap -lnet -lrt -lnsl -lm '
LTLIBOBJS=' ${LIBOBJDIR}findif_getifaddrs$U.lo'
MAINT='#'
MAINTAINER_MODE_FALSE=''
MAINTAINER_MODE_TRUE='#'
MAKEINFO='${SHELL} /home/blazeond/Documents/Programming/dosgen/dosgen/arping/arping-2.14/missing --run makeinfo'
MKDIR_P='/bin/mkdir -p'
OBJEXT='o'
PACKAGE='arping'
PACKAGE_BUGREPORT='thomas@habets.se'
PACKAGE_NAME='arping'
PACKAGE_STRING='arping 2.14'
PACKAGE_TARNAME='arping'
PACKAGE_URL=''
PACKAGE_VERSION='2.14'
PATH_SEPARATOR=':'
SET_MAKE=''
SHELL='/bin/bash'
STRIP=''
VERSION='2.14'
ac_ct_CC='gcc'
am__EXEEXT_FALSE=''
am__EXEEXT_TRUE='#'
am__fastdepCC_FALSE='#'
am__fastdepCC_TRUE=''
am__include='include'
am__isrc=''
am__leading_dot='.'
am__nodep='_no'
am__quote=''
am__tar='$${TAR-tar} chof - "$$tardir"'
am__untar='$${TAR-tar} xf -'
bindir='${exec_prefix}/bin'
build='x86_64-unknown-linux-gnu'
build_alias=''
build_cpu='x86_64'
build_os='linux-gnu'
build_vendor='unknown'
datadir='${datarootdir}'
datarootdir='${prefix}/share'
docdir='${datarootdir}/doc/${PACKAGE_TARNAME}'
dvidir='${docdir}'
exec_prefix='${prefix}'
host='x86_64-unknown-linux-gnu'
host_alias=''
host_cpu='x86_64'
host_os='linux-gnu'
host_vendor='unknown'
htmldir='${docdir}'
includedir='${prefix}/include'
infodir='${datarootdir}/info'
install_sh='${SHELL} /home/blazeond/Documents/Programming/dosgen/dosgen/arping/arping-2.14/install-sh'
libdir='${exec_prefix}/lib'
libexecdir='${exec_prefix}/libexec'
localedir='${datarootdir}/locale'
localstatedir='${prefix}/var'
mandir='${datarootdir}/man'
mkdir_p='/bin/mkdir -p'
oldincludedir='/usr/include'
pdfdir='${docdir}'
prefix='/usr/local'
program_transform_name='s,x,x,'
psdir='${docdir}'
sbindir='${exec_prefix}/sbin'
sharedstatedir='${prefix}/com'
sysconfdir='${prefix}/etc'
target='x86_64-unknown-linux-gnu'
target_alias=''
target_cpu='x86_64'
target_os='linux-gnu'
target_vendor='unknown'

## ----------- ##
## confdefs.h. ##
## ----------- ##

/* confdefs.h */
#define PACKAGE_NAME "arping"
#define PACKAGE_TARNAME "arping"
#define PACKAGE_VERSION "2.14"
#define PACKAGE_STRING "arping 2.14"
#define PACKAGE_BUGREPORT "thomas@habets.se"
#define PACKAGE_URL ""
#define PACKAGE "arping"
#define VERSION "2.14"
#define HAVE_LIBM 1
#define HAVE_LIBNSL 1
#define HAVE_LIBRT 1
#define HAVE_LIBNET 1
#define HAVE_LIBPCAP 1
#define STDC_HEADERS 1
#define HAVE_SYS_TYPES_H 1
#define HAVE_SYS_STAT_H 1
#define HAVE_STDLIB_H 1
#define HAVE_STRING_H 1
#define HAVE_MEMORY_H 1
#define HAVE_STRINGS_H 1
#define HAVE_INTTYPES_H 1
#define HAVE_STDINT_H 1
#define HAVE_UNISTD_H 1
#define HAVE_ARPA_INET_H 1
#define HAVE_NETINET_IN_H 1
#define HAVE_STDLIB_H 1
#define HAVE_SYS_SOCKET_H 1
#define HAVE_TIME_H 1
#define HAVE_SYS_TIME_H 1
#define HAVE_SYS_TYPES_H 1
#define HAVE_STDINT_H 1
#define HAVE_LIBNET_H 1
#define HAVE_PWD_H 1
#define HAVE_UNISTD_H 1
#define TIME_WITH_SYS_TIME 1
#define HAVE_SYS_SELECT_H 1
#define HAVE_SYS_SOCKET_H 1
#define SELECT_TYPE_ARG1 int
#define SELECT_TYPE_ARG234 (fd_set *)
#define SELECT_TYPE_ARG5 (struct timeval *)
#define RETSIGTYPE void
#define HAVE_GETTIMEOFDAY 1
#define HAVE_MEMSET 1
#define HAVE_SELECT 1
#define HAVE_STRCHR 1
#define HAVE_STRDUP 1
#define HAVE_STRERROR 1
#define HAVE_STRSTR 1
#define HAVE_GETIFADDRS 1
#define HAVE_CLOCK_MONOTONIC 1

configure: exit 0
